[ 2017-08-09T00:29:46+08:00 ] 112.90.82.218 /Public/blogstyle/fonts/fontawesome-webfont.ttf?v%3D4.3.0
INFO: [ app_init ] --START--
INFO: Run Behavior\BuildLiteBehavior [ RunTime:0.000007s ]
INFO: [ app_init ] --END-- [ RunTime:0.000204s ]
INFO: [ app_begin ] --START--
INFO: Run Behavior\ReadHtmlCacheBehavior [ RunTime:0.000216s ]
INFO: Run Behavior\CheckLangBehavior [ RunTime:0.000268s ]
INFO: [ app_begin ] --END-- [ RunTime:0.000523s ]
INFO: [ view_parse ] --START--
INFO: [ template_filter ] --START--
INFO: Run Behavior\ContentReplaceBehavior [ RunTime:0.000020s ]
INFO: [ template_filter ] --END-- [ RunTime:0.000042s ]
INFO: Run Behavior\ParseTemplateBehavior [ RunTime:0.002449s ]
INFO: [ view_parse ] --END-- [ RunTime:0.002470s ]
INFO: [ view_filter ] --START--
INFO: Run Behavior\WriteHtmlCacheBehavior [ RunTime:0.000072s ]
INFO: [ view_filter ] --END-- [ RunTime:0.000085s ]
INFO: [ app_end ] --START--
INFO: Run Behavior\ShowPageTraceBehavior [ RunTime:0.000385s ]
INFO: Run Home\Behavior\RecordBehavior [ RunTime:0.000126s ]
INFO: [ app_end ] --END-- [ RunTime:0.000546s ]

[ 2017-08-09T02:34:52+08:00 ] 163.177.90.152 /
INFO: [ app_init ] --START--
INFO: Run Behavior\BuildLiteBehavior [ RunTime:0.000007s ]
INFO: [ app_init ] --END-- [ RunTime:0.000230s ]
INFO: [ app_begin ] --START--
INFO: Run Behavior\ReadHtmlCacheBehavior [ RunTime:0.000213s ]
INFO: Run Behavior\CheckLangBehavior [ RunTime:0.000245s ]
INFO: [ app_begin ] --END-- [ RunTime:0.000495s ]
SQL: SHOW COLUMNS FROM `article` [ RunTime:0.0004s ]
SQL: SELECT * FROM `article` WHERE ( isdisplay = 1 ) ORDER BY sort asc  [ RunTime:0.0001s ]
SQL: SHOW COLUMNS FROM `sql_log` [ RunTime:0.0003s ]
SQL: INSERT INTO `sql_log` (`module`,`url`,`sql`,`use_time`,`add_time`) VALUES ('Home','Index/index','SELECT * FROM `article` WHERE ( isdisplay = 1 ) ORDER BY sort asc ','0.0002','2017-08-09 02:34:52') [ RunTime:0.0139s ]
INFO: [ view_parse ] --START--
INFO: [ template_filter ] --START--
INFO: Run Behavior\ContentReplaceBehavior [ RunTime:0.000043s ]
INFO: [ template_filter ] --END-- [ RunTime:0.000065s ]
SQL: SHOW COLUMNS FROM `article_category` [ RunTime:0.0006s ]
SQL: SELECT `id`,`pid`,`name` FROM `article_category` WHERE ( pid=11 and is_hide=0 and is_system=1 ) ORDER BY sort asc  [ RunTime:0.0000s ]
INFO: [ view_parse ] --START--
INFO: [ template_filter ] --START--
INFO: Run Behavior\ContentReplaceBehavior [ RunTime:0.000015s ]
INFO: [ template_filter ] --END-- [ RunTime:-0.002362s ]
INFO: Run Behavior\ParseTemplateBehavior [ RunTime:0.000775s ]
INFO: [ view_parse ] --END-- [ RunTime:0.000799s ]
INFO: [ view_filter ] --START--
INFO: Run Behavior\WriteHtmlCacheBehavior [ RunTime:0.000091s ]
INFO: [ view_filter ] --END-- [ RunTime:0.000107s ]
SQL: SELECT `id`,`title` FROM `article` WHERE ( isdisplay = 1 ) ORDER BY add_time desc LIMIT 20   [ RunTime:0.0001s ]
INFO: [ view_parse ] --START--
INFO: [ template_filter ] --START--
INFO: Run Behavior\ContentReplaceBehavior [ RunTime:0.000010s ]
INFO: [ template_filter ] --END-- [ RunTime:-0.003603s ]
INFO: Run Behavior\ParseTemplateBehavior [ RunTime:0.000671s ]
INFO: [ view_parse ] --END-- [ RunTime:-0.000525s ]
INFO: [ view_filter ] --START--
INFO: Run Behavior\WriteHtmlCacheBehavior [ RunTime:0.000004s ]
INFO: [ view_filter ] --END-- [ RunTime:-0.001105s ]
INFO: Run Behavior\ParseTemplateBehavior [ RunTime:0.000709s ]
INFO: [ view_parse ] --END-- [ RunTime:-0.000525s ]
INFO: [ view_filter ] --START--
INFO: Run Behavior\WriteHtmlCacheBehavior [ RunTime:0.000002s ]
INFO: [ view_filter ] --END-- [ RunTime:-0.001133s ]
INFO: [ app_end ] --START--
INFO: Run Behavior\ShowPageTraceBehavior [ RunTime:0.000280s ]
INFO: Run Home\Behavior\RecordBehavior [ RunTime:0.000143s ]
INFO: [ app_end ] --END-- [ RunTime:0.000450s ]

[ 2017-08-09T02:53:42+08:00 ] 183.57.53.196 /home/category/cateList/id/9.html
INFO: [ app_init ] --START--
INFO: Run Behavior\BuildLiteBehavior [ RunTime:0.000007s ]
INFO: [ app_init ] --END-- [ RunTime:0.000176s ]
INFO: [ app_begin ] --START--
INFO: Run Behavior\ReadHtmlCacheBehavior [ RunTime:0.000227s ]
INFO: Run Behavior\CheckLangBehavior [ RunTime:0.000262s ]
INFO: [ app_begin ] --END-- [ RunTime:0.000527s ]
SQL: SHOW COLUMNS FROM `article` [ RunTime:0.0005s ]
SQL: SELECT * FROM `article` WHERE ( c_id = 9 )  [ RunTime:0.0001s ]
SQL: SHOW COLUMNS FROM `sql_log` [ RunTime:0.0003s ]
SQL: INSERT INTO `sql_log` (`module`,`url`,`sql`,`use_time`,`add_time`) VALUES ('Home','Category/cateList','SELECT * FROM `article` WHERE ( c_id = 9 ) ','0.0001','2017-08-09 02:53:42') [ RunTime:0.0028s ]
INFO: [ view_parse ] --START--
INFO: [ template_filter ] --START--
INFO: Run Behavior\ContentReplaceBehavior [ RunTime:0.000044s ]
INFO: [ template_filter ] --END-- [ RunTime:0.000067s ]
SQL: SHOW COLUMNS FROM `article_category` [ RunTime:0.0005s ]
SQL: SELECT `id`,`pid`,`name` FROM `article_category` WHERE ( pid=11 and is_hide=0 and is_system=1 ) ORDER BY sort asc  [ RunTime:0.0000s ]
INFO: [ view_parse ] --START--
INFO: [ template_filter ] --START--
INFO: Run Behavior\ContentReplaceBehavior [ RunTime:0.000017s ]
INFO: [ template_filter ] --END-- [ RunTime:-0.002243s ]
INFO: Run Behavior\ParseTemplateBehavior [ RunTime:0.000821s ]
INFO: [ view_parse ] --END-- [ RunTime:0.000844s ]
INFO: [ view_filter ] --START--
INFO: Run Behavior\WriteHtmlCacheBehavior [ RunTime:0.000093s ]
INFO: [ view_filter ] --END-- [ RunTime:0.000109s ]
SQL: SELECT `id`,`title` FROM `article` WHERE ( isdisplay = 1 ) ORDER BY add_time desc LIMIT 20   [ RunTime:0.0001s ]
INFO: [ view_parse ] --START--
INFO: [ template_filter ] --START--
INFO: Run Behavior\ContentReplaceBehavior [ RunTime:0.000010s ]
INFO: [ template_filter ] --END-- [ RunTime:-0.003703s ]
INFO: Run Behavior\ParseTemplateBehavior [ RunTime:0.000708s ]
INFO: [ view_parse ] --END-- [ RunTime:-0.000685s ]
INFO: [ view_filter ] --START--
INFO: Run Behavior\WriteHtmlCacheBehavior [ RunTime:0.000004s ]
INFO: [ view_filter ] --END-- [ RunTime:-0.001304s ]
INFO: Run Behavior\ParseTemplateBehavior [ RunTime:0.000746s ]
INFO: [ view_parse ] --END-- [ RunTime:-0.000685s ]
INFO: [ view_filter ] --START--
INFO: Run Behavior\WriteHtmlCacheBehavior [ RunTime:0.000002s ]
INFO: [ view_filter ] --END-- [ RunTime:-0.001336s ]
INFO: [ app_end ] --START--
INFO: Run Behavior\ShowPageTraceBehavior [ RunTime:0.000277s ]
INFO: Run Home\Behavior\RecordBehavior [ RunTime:0.000131s ]
INFO: [ app_end ] --END-- [ RunTime:0.000439s ]

[ 2017-08-09T03:56:12+08:00 ] 183.57.53.196 /Public/blogstyle/fonts/fontawesome-webfont.ttf?v%253D4.3.0
INFO: [ app_init ] --START--
INFO: Run Behavior\BuildLiteBehavior [ RunTime:0.000007s ]
INFO: [ app_init ] --END-- [ RunTime:0.000184s ]
INFO: [ app_begin ] --START--
INFO: Run Behavior\ReadHtmlCacheBehavior [ RunTime:0.000251s ]
INFO: Run Behavior\CheckLangBehavior [ RunTime:0.000250s ]
INFO: [ app_begin ] --END-- [ RunTime:0.000542s ]
INFO: [ view_parse ] --START--
INFO: [ template_filter ] --START--
INFO: Run Behavior\ContentReplaceBehavior [ RunTime:0.000020s ]
INFO: [ template_filter ] --END-- [ RunTime:0.000040s ]
INFO: Run Behavior\ParseTemplateBehavior [ RunTime:0.002509s ]
INFO: [ view_parse ] --END-- [ RunTime:0.002529s ]
INFO: [ view_filter ] --START--
INFO: Run Behavior\WriteHtmlCacheBehavior [ RunTime:0.000074s ]
INFO: [ view_filter ] --END-- [ RunTime:0.000086s ]
INFO: [ app_end ] --START--
INFO: Run Behavior\ShowPageTraceBehavior [ RunTime:0.000258s ]
INFO: Run Home\Behavior\RecordBehavior [ RunTime:0.000135s ]
INFO: [ app_end ] --END-- [ RunTime:0.000421s ]

[ 2017-08-09T04:04:13+08:00 ] 101.226.68.215 /Public/blogstyle/fonts/fontawesome-webfont.woff2?v%3D4.3.0
INFO: [ app_init ] --START--
INFO: Run Behavior\BuildLiteBehavior [ RunTime:0.000007s ]
INFO: [ app_init ] --END-- [ RunTime:0.000172s ]
INFO: [ app_begin ] --START--
INFO: Run Behavior\ReadHtmlCacheBehavior [ RunTime:0.000256s ]
INFO: Run Behavior\CheckLangBehavior [ RunTime:0.000245s ]
INFO: [ app_begin ] --END-- [ RunTime:0.000541s ]
INFO: [ view_parse ] --START--
INFO: [ template_filter ] --START--
INFO: Run Behavior\ContentReplaceBehavior [ RunTime:0.000023s ]
INFO: [ template_filter ] --END-- [ RunTime:0.000053s ]
INFO: Run Behavior\ParseTemplateBehavior [ RunTime:0.002667s ]
INFO: [ view_parse ] --END-- [ RunTime:0.002689s ]
INFO: [ view_filter ] --START--
INFO: Run Behavior\WriteHtmlCacheBehavior [ RunTime:0.000082s ]
INFO: [ view_filter ] --END-- [ RunTime:0.000095s ]
INFO: [ app_end ] --START--
INFO: Run Behavior\ShowPageTraceBehavior [ RunTime:0.000278s ]
INFO: Run Home\Behavior\RecordBehavior [ RunTime:0.000136s ]
INFO: [ app_end ] --END-- [ RunTime:0.000444s ]

[ 2017-08-09T07:17:33+08:00 ] 112.90.82.196 /Public/blogstyle/fonts/fontawesome-webfont.woff2?v%253D4.3.0
INFO: [ app_init ] --START--
INFO: Run Behavior\BuildLiteBehavior [ RunTime:0.000006s ]
INFO: [ app_init ] --END-- [ RunTime:0.000171s ]
INFO: [ app_begin ] --START--
INFO: Run Behavior\ReadHtmlCacheBehavior [ RunTime:0.000239s ]
INFO: Run Behavior\CheckLangBehavior [ RunTime:0.000239s ]
INFO: [ app_begin ] --END-- [ RunTime:0.000515s ]
INFO: [ view_parse ] --START--
INFO: [ template_filter ] --START--
INFO: Run Behavior\ContentReplaceBehavior [ RunTime:0.000020s ]
INFO: [ template_filter ] --END-- [ RunTime:0.000041s ]
INFO: Run Behavior\ParseTemplateBehavior [ RunTime:0.002557s ]
INFO: [ view_parse ] --END-- [ RunTime:0.002577s ]
INFO: [ view_filter ] --START--
INFO: Run Behavior\WriteHtmlCacheBehavior [ RunTime:0.000073s ]
INFO: [ view_filter ] --END-- [ RunTime:0.000086s ]
INFO: [ app_end ] --START--
INFO: Run Behavior\ShowPageTraceBehavior [ RunTime:0.000250s ]
INFO: Run Home\Behavior\RecordBehavior [ RunTime:0.000142s ]
INFO: [ app_end ] --END-- [ RunTime:0.000421s ]

[ 2017-08-09T19:12:21+08:00 ] 113.92.102.146 /
INFO: [ app_init ] --START--
INFO: Run Behavior\BuildLiteBehavior [ RunTime:0.000007s ]
INFO: [ app_init ] --END-- [ RunTime:0.000191s ]
INFO: [ app_begin ] --START--
INFO: Run Behavior\ReadHtmlCacheBehavior [ RunTime:0.000214s ]
INFO: Run Behavior\CheckLangBehavior [ RunTime:0.000291s ]
INFO: [ app_begin ] --END-- [ RunTime:0.000544s ]
SQL: SHOW COLUMNS FROM `article` [ RunTime:0.0004s ]
SQL: SELECT * FROM `article` WHERE ( isdisplay = 1 ) ORDER BY sort asc  [ RunTime:0.0001s ]
SQL: SHOW COLUMNS FROM `sql_log` [ RunTime:0.0003s ]
SQL: INSERT INTO `sql_log` (`module`,`url`,`sql`,`use_time`,`add_time`) VALUES ('Home','Index/index','SELECT * FROM `article` WHERE ( isdisplay = 1 ) ORDER BY sort asc ','0.0001','2017-08-09 19:12:21') [ RunTime:0.0053s ]
INFO: [ view_parse ] --START--
INFO: [ template_filter ] --START--
INFO: Run Behavior\ContentReplaceBehavior [ RunTime:0.000043s ]
INFO: [ template_filter ] --END-- [ RunTime:0.000065s ]
SQL: SHOW COLUMNS FROM `article_category` [ RunTime:0.0005s ]
SQL: SELECT `id`,`pid`,`name` FROM `article_category` WHERE ( pid=11 and is_hide=0 and is_system=1 ) ORDER BY sort asc  [ RunTime:0.0001s ]
INFO: [ view_parse ] --START--
INFO: [ template_filter ] --START--
INFO: Run Behavior\ContentReplaceBehavior [ RunTime:0.000015s ]
INFO: [ template_filter ] --END-- [ RunTime:-0.002256s ]
INFO: Run Behavior\ParseTemplateBehavior [ RunTime:0.000738s ]
INFO: [ view_parse ] --END-- [ RunTime:0.000759s ]
INFO: [ view_filter ] --START--
INFO: Run Behavior\WriteHtmlCacheBehavior [ RunTime:0.000105s ]
INFO: [ view_filter ] --END-- [ RunTime:0.000125s ]
SQL: SELECT `id`,`title` FROM `article` WHERE ( isdisplay = 1 ) ORDER BY add_time desc LIMIT 20   [ RunTime:0.0001s ]
INFO: [ view_parse ] --START--
INFO: [ template_filter ] --START--
INFO: Run Behavior\ContentReplaceBehavior [ RunTime:0.000014s ]
INFO: [ template_filter ] --END-- [ RunTime:-0.003660s ]
INFO: Run Behavior\ParseTemplateBehavior [ RunTime:0.000905s ]
INFO: [ view_parse ] --END-- [ RunTime:-0.000552s ]
INFO: [ view_filter ] --START--
INFO: Run Behavior\WriteHtmlCacheBehavior [ RunTime:0.000006s ]
INFO: [ view_filter ] --END-- [ RunTime:-0.001358s ]
INFO: Run Behavior\ParseTemplateBehavior [ RunTime:0.000964s ]
INFO: [ view_parse ] --END-- [ RunTime:-0.000552s ]
INFO: [ view_filter ] --START--
INFO: Run Behavior\WriteHtmlCacheBehavior [ RunTime:0.000004s ]
INFO: [ view_filter ] --END-- [ RunTime:-0.001405s ]
INFO: [ app_end ] --START--
INFO: Run Behavior\ShowPageTraceBehavior [ RunTime:0.000398s ]
INFO: Run Home\Behavior\RecordBehavior [ RunTime:0.000165s ]
INFO: [ app_end ] --END-- [ RunTime:0.000600s ]

[ 2017-08-09T19:12:22+08:00 ] 113.92.102.146 /Public/blogstyle/fonts/fontawesome-webfont.woff2?v=4.3.0
INFO: [ app_init ] --START--
INFO: Run Behavior\BuildLiteBehavior [ RunTime:0.000007s ]
INFO: [ app_init ] --END-- [ RunTime:0.000171s ]
INFO: [ app_begin ] --START--
INFO: Run Behavior\ReadHtmlCacheBehavior [ RunTime:0.000268s ]
INFO: Run Behavior\CheckLangBehavior [ RunTime:0.000252s ]
INFO: [ app_begin ] --END-- [ RunTime:0.000564s ]
INFO: [ view_parse ] --START--
INFO: [ template_filter ] --START--
INFO: Run Behavior\ContentReplaceBehavior [ RunTime:0.000024s ]
INFO: [ template_filter ] --END-- [ RunTime:0.000055s ]
INFO: Run Behavior\ParseTemplateBehavior [ RunTime:0.003025s ]
INFO: [ view_parse ] --END-- [ RunTime:0.003050s ]
INFO: [ view_filter ] --START--
INFO: Run Behavior\WriteHtmlCacheBehavior [ RunTime:0.000102s ]
INFO: [ view_filter ] --END-- [ RunTime:0.000122s ]
INFO: [ app_end ] --START--
INFO: Run Behavior\ShowPageTraceBehavior [ RunTime:0.000359s ]
INFO: Run Home\Behavior\RecordBehavior [ RunTime:0.000147s ]
INFO: [ app_end ] --END-- [ RunTime:0.000539s ]

[ 2017-08-09T19:12:22+08:00 ] 113.92.102.146 /Public/blogstyle/fonts/fontawesome-webfont.woff?v=4.3.0
INFO: [ app_init ] --START--
INFO: Run Behavior\BuildLiteBehavior [ RunTime:0.000008s ]
INFO: [ app_init ] --END-- [ RunTime:0.000175s ]
INFO: [ app_begin ] --START--
INFO: Run Behavior\ReadHtmlCacheBehavior [ RunTime:0.000241s ]
INFO: Run Behavior\CheckLangBehavior [ RunTime:0.000215s ]
INFO: [ app_begin ] --END-- [ RunTime:0.000493s ]
INFO: [ view_parse ] --START--
INFO: [ template_filter ] --START--
INFO: Run Behavior\ContentReplaceBehavior [ RunTime:0.000024s ]
INFO: [ template_filter ] --END-- [ RunTime:0.000165s ]
INFO: Run Behavior\ParseTemplateBehavior [ RunTime:0.002682s ]
INFO: [ view_parse ] --END-- [ RunTime:0.002703s ]
INFO: [ view_filter ] --START--
INFO: Run Behavior\WriteHtmlCacheBehavior [ RunTime:0.000092s ]
INFO: [ view_filter ] --END-- [ RunTime:0.000110s ]
INFO: [ app_end ] --START--
INFO: Run Behavior\ShowPageTraceBehavior [ RunTime:0.000277s ]
INFO: Run Home\Behavior\RecordBehavior [ RunTime:0.000133s ]
INFO: [ app_end ] --END-- [ RunTime:0.000442s ]

[ 2017-08-09T19:12:22+08:00 ] 113.92.102.146 /Public/blogstyle/fonts/fontawesome-webfont.ttf?v=4.3.0
INFO: [ app_init ] --START--
INFO: Run Behavior\BuildLiteBehavior [ RunTime:0.000008s ]
INFO: [ app_init ] --END-- [ RunTime:0.000194s ]
INFO: [ app_begin ] --START--
INFO: Run Behavior\ReadHtmlCacheBehavior [ RunTime:0.000229s ]
INFO: Run Behavior\CheckLangBehavior [ RunTime:0.000236s ]
INFO: [ app_begin ] --END-- [ RunTime:0.000502s ]
INFO: [ view_parse ] --START--
INFO: [ template_filter ] --START--
INFO: Run Behavior\ContentReplaceBehavior [ RunTime:0.000021s ]
INFO: [ template_filter ] --END-- [ RunTime:0.000043s ]
INFO: Run Behavior\ParseTemplateBehavior [ RunTime:0.002488s ]
INFO: [ view_parse ] --END-- [ RunTime:0.002509s ]
INFO: [ view_filter ] --START--
INFO: Run Behavior\WriteHtmlCacheBehavior [ RunTime:0.000073s ]
INFO: [ view_filter ] --END-- [ RunTime:0.000087s ]
INFO: [ app_end ] --START--
INFO: Run Behavior\ShowPageTraceBehavior [ RunTime:0.000383s ]
INFO: Run Home\Behavior\RecordBehavior [ RunTime:0.000121s ]
INFO: [ app_end ] --END-- [ RunTime:0.000534s ]

[ 2017-08-09T19:12:34+08:00 ] 113.92.102.146 /home/about/author.html
INFO: [ app_init ] --START--
INFO: Run Behavior\BuildLiteBehavior [ RunTime:0.000008s ]
INFO: [ app_init ] --END-- [ RunTime:0.000214s ]
INFO: [ app_begin ] --START--
INFO: Run Behavior\ReadHtmlCacheBehavior [ RunTime:0.000225s ]
INFO: Run Behavior\CheckLangBehavior [ RunTime:0.000237s ]
INFO: [ app_begin ] --END-- [ RunTime:0.000498s ]
INFO: [ view_parse ] --START--
INFO: [ template_filter ] --START--
INFO: Run Behavior\ContentReplaceBehavior [ RunTime:0.000023s ]
INFO: [ template_filter ] --END-- [ RunTime:0.000047s ]
INFO: Run Behavior\ParseTemplateBehavior [ RunTime:0.002862s ]
INFO: [ view_parse ] --END-- [ RunTime:0.002882s ]
INFO: [ view_filter ] --START--
INFO: Run Behavior\WriteHtmlCacheBehavior [ RunTime:0.000073s ]
INFO: [ view_filter ] --END-- [ RunTime:0.000087s ]
INFO: [ app_end ] --START--
INFO: Run Behavior\ShowPageTraceBehavior [ RunTime:0.000245s ]
INFO: Run Home\Behavior\RecordBehavior [ RunTime:0.000148s ]
INFO: [ app_end ] --END-- [ RunTime:0.000432s ]

[ 2017-08-09T19:12:34+08:00 ] 113.92.102.146 /favicon.ico
INFO: [ app_init ] --START--
INFO: Run Behavior\BuildLiteBehavior [ RunTime:0.000008s ]
INFO: [ app_init ] --END-- [ RunTime:0.000191s ]

[ 2017-08-09T19:12:53+08:00 ] 113.92.102.146 /Public/blogstyle/js/jquery.min.map
INFO: [ app_init ] --START--
INFO: Run Behavior\BuildLiteBehavior [ RunTime:0.000010s ]
INFO: [ app_init ] --END-- [ RunTime:0.000266s ]
INFO: [ app_begin ] --START--
INFO: Run Behavior\ReadHtmlCacheBehavior [ RunTime:0.000252s ]
INFO: Run Behavior\CheckLangBehavior [ RunTime:0.000258s ]
INFO: [ app_begin ] --END-- [ RunTime:0.000550s ]
INFO: [ view_parse ] --START--
INFO: [ template_filter ] --START--
INFO: Run Behavior\ContentReplaceBehavior [ RunTime:0.000025s ]
INFO: [ template_filter ] --END-- [ RunTime:0.000057s ]
INFO: Run Behavior\ParseTemplateBehavior [ RunTime:0.003315s ]
INFO: [ view_parse ] --END-- [ RunTime:0.003339s ]
INFO: [ view_filter ] --START--
INFO: Run Behavior\WriteHtmlCacheBehavior [ RunTime:0.000088s ]
INFO: [ view_filter ] --END-- [ RunTime:0.000108s ]
INFO: [ app_end ] --START--
INFO: Run Behavior\ShowPageTraceBehavior [ RunTime:0.000265s ]
INFO: Run Home\Behavior\RecordBehavior [ RunTime:0.000130s ]
INFO: [ app_end ] --END-- [ RunTime:0.000425s ]

[ 2017-08-09T23:11:53+08:00 ] 221.232.177.135 /
INFO: [ app_init ] --START--
INFO: Run Behavior\BuildLiteBehavior [ RunTime:0.000010s ]
INFO: [ app_init ] --END-- [ RunTime:0.000254s ]
INFO: [ app_begin ] --START--
INFO: Run Behavior\ReadHtmlCacheBehavior [ RunTime:0.000343s ]
INFO: Run Behavior\CheckLangBehavior [ RunTime:0.000380s ]
INFO: [ app_begin ] --END-- [ RunTime:0.000775s ]
SQL: SHOW COLUMNS FROM `article` [ RunTime:0.0005s ]
SQL: SELECT * FROM `article` WHERE ( isdisplay = 1 ) ORDER BY sort asc  [ RunTime:0.0001s ]
SQL: SHOW COLUMNS FROM `sql_log` [ RunTime:0.0004s ]
SQL: INSERT INTO `sql_log` (`module`,`url`,`sql`,`use_time`,`add_time`) VALUES ('Home','Index/index','SELECT * FROM `article` WHERE ( isdisplay = 1 ) ORDER BY sort asc ','0.0001','2017-08-09 23:11:53') [ RunTime:0.0178s ]
INFO: [ view_parse ] --START--
INFO: [ template_filter ] --START--
INFO: Run Behavior\ContentReplaceBehavior [ RunTime:0.000055s ]
INFO: [ template_filter ] --END-- [ RunTime:0.000091s ]
SQL: SHOW COLUMNS FROM `article_category` [ RunTime:0.0006s ]
SQL: SELECT `id`,`pid`,`name` FROM `article_category` WHERE ( pid=11 and is_hide=0 and is_system=1 ) ORDER BY sort asc  [ RunTime:0.0000s ]
INFO: [ view_parse ] --START--
INFO: [ template_filter ] --START--
INFO: Run Behavior\ContentReplaceBehavior [ RunTime:0.000021s ]
INFO: [ template_filter ] --END-- [ RunTime:-0.002588s ]
INFO: Run Behavior\ParseTemplateBehavior [ RunTime:0.000848s ]
INFO: [ view_parse ] --END-- [ RunTime:0.000874s ]
INFO: [ view_filter ] --START--
INFO: Run Behavior\WriteHtmlCacheBehavior [ RunTime:0.000109s ]
INFO: [ view_filter ] --END-- [ RunTime:0.000127s ]
SQL: SELECT `id`,`title` FROM `article` WHERE ( isdisplay = 1 ) ORDER BY add_time desc LIMIT 20   [ RunTime:0.0001s ]
INFO: [ view_parse ] --START--
INFO: [ template_filter ] --START--
INFO: Run Behavior\ContentReplaceBehavior [ RunTime:0.000010s ]
INFO: [ template_filter ] --END-- [ RunTime:-0.003987s ]
INFO: Run Behavior\ParseTemplateBehavior [ RunTime:0.000696s ]
INFO: [ view_parse ] --END-- [ RunTime:-0.000611s ]
INFO: [ view_filter ] --START--
INFO: Run Behavior\WriteHtmlCacheBehavior [ RunTime:0.000004s ]
INFO: [ view_filter ] --END-- [ RunTime:-0.001192s ]
INFO: Run Behavior\ParseTemplateBehavior [ RunTime:0.000734s ]
INFO: [ view_parse ] --END-- [ RunTime:-0.000611s ]
INFO: [ view_filter ] --START--
INFO: Run Behavior\WriteHtmlCacheBehavior [ RunTime:0.000002s ]
INFO: [ view_filter ] --END-- [ RunTime:-0.001221s ]
INFO: [ app_end ] --START--
INFO: Run Behavior\ShowPageTraceBehavior [ RunTime:0.000343s ]
INFO: Run Home\Behavior\RecordBehavior [ RunTime:0.000136s ]
INFO: [ app_end ] --END-- [ RunTime:0.000508s ]

